[2014-03-31T12:07:18.408-0500] INFO  org.quartz.impl.StdSchedulerFactory: Using default implementation for ThreadExecutor
[2014-03-31T12:07:18.426-0500] INFO  org.quartz.core.SchedulerSignalerImpl: Initialized Scheduler Signaller of type: class org.quartz.core.SchedulerSignalerImpl
[2014-03-31T12:07:18.426-0500] INFO  org.quartz.core.QuartzScheduler: Quartz Scheduler v.2.1.1 created.
[2014-03-31T12:07:18.427-0500] INFO  org.quartz.simpl.RAMJobStore: RAMJobStore initialized.
[2014-03-31T12:07:18.428-0500] INFO  org.quartz.core.QuartzScheduler: Scheduler meta-data: Quartz Scheduler (v2.1.1) 'TdsScheduler' with instanceId '1'
  Scheduler class: 'org.quartz.core.QuartzScheduler' - running locally.
  NOT STARTED.
  Currently in standby mode.
  Number of jobs executed: 0
  Using thread pool 'org.quartz.simpl.SimpleThreadPool' - with 3 threads.
  Using job-store 'org.quartz.simpl.RAMJobStore' - which does not support persistence. and is not clustered.

[2014-03-31T12:07:18.428-0500] INFO  org.quartz.impl.StdSchedulerFactory: Quartz scheduler 'TdsScheduler' initialized from default resource file in Quartz package: 'quartz.properties'
[2014-03-31T12:07:18.428-0500] INFO  org.quartz.impl.StdSchedulerFactory: Quartz scheduler version: 2.1.1
[2014-03-31T12:07:18.428-0500] INFO  org.quartz.core.QuartzScheduler: Scheduler TdsScheduler_$_1 started.
[2014-03-31T12:07:18.428-0500] DEBUG org.quartz.core.QuartzSchedulerThread: batch acquisition of 0 triggers
[2014-03-31T12:07:18.429-0500] INFO  org.quartz.core.QuartzScheduler: Scheduler TdsScheduler_$_1 shutting down.
[2014-03-31T12:07:18.429-0500] INFO  org.quartz.core.QuartzScheduler: Scheduler TdsScheduler_$_1 paused.
[2014-03-31T12:07:18.429-0500] DEBUG org.quartz.simpl.SimpleThreadPool: Shutting down threadpool...
[2014-03-31T12:07:18.912-0500] DEBUG org.quartz.simpl.SimpleThreadPool: WorkerThread is shut down.
[2014-03-31T12:07:18.912-0500] DEBUG org.quartz.simpl.SimpleThreadPool: WorkerThread is shut down.
[2014-03-31T12:07:18.912-0500] DEBUG org.quartz.simpl.SimpleThreadPool: WorkerThread is shut down.
[2014-03-31T12:07:18.913-0500] DEBUG org.quartz.simpl.SimpleThreadPool: No executing jobs remaining, all threads stopped.
[2014-03-31T12:07:18.913-0500] DEBUG org.quartz.simpl.SimpleThreadPool: Shutdown of threadpool complete.
[2014-03-31T12:07:18.913-0500] INFO  org.quartz.core.QuartzScheduler: Scheduler TdsScheduler_$_1 shutdown complete.
