2014-03-31T12:02:32.812-0500 [         0][        ] serverStartup: TdsConfigContextListener.contextInitialized() start[2]: 
2014-03-31T12:02:32.814-0500 [         2][        ] serverStartup: TdsContext.init()  intializating logging...
2014-03-31T12:02:32.863-0500 [        51][        ] serverStartup: DataRootHandler: staticCache= true
2014-03-31T12:02:33.913-0500 [      1101][        ] serverStartup: CdmInit: GribIndex=DiskCache2{cachePathPolicy=OneDirectory, alwaysUseCache=false, cachePathPolicyParam='null', root='/home/cschroed/src/nar-services/nar-ncsosx/content/thredds/cache/grib/', persistMinutes=129600, fail=false}
2014-03-31T12:02:33.916-0500 [      1104][        ] serverStartup: CdmInit: FeatureCollection.cacheDirectory= /home/cschroed/src/nar-services/nar-ncsosx/content/thredds/cache/collection/
2014-03-31T12:02:33.916-0500 [      1104][        ] serverStartup: CdmInit: catalogWriting.useBytesForDataSize= false
2014-03-31T12:02:33.988-0500 [      1176][        ] serverStartup: CdmInit  private boolean isNetcdf4Available = false;: NetcdfDataset.initNetcdfFileCache= [50,100] scour = 660
2014-03-31T12:02:33.989-0500 [      1177][        ] serverStartup: CdmInit: TimePartition.initPartitionCache= [50,100] scour = 720
2014-03-31T12:02:33.989-0500 [      1177][        ] serverStartup: CdmInit: GribCollection.initDataRafCache= [50,100] scour = 780
2014-03-31T12:02:33.989-0500 [      1177][        ] serverStartup: CdmInit: HTTPFileCache.initCache= [10,20] scour = 1020
2014-03-31T12:02:33.989-0500 [      1177][        ] serverStartup: CdmInit: GridServiceProvider.IndexExtendMode= readonly
2014-03-31T12:02:33.990-0500 [      1178][        ] serverStartup: CdmInit: GribIndexing.alwaysUseCache= false
2014-03-31T12:02:33.993-0500 [      1181][        ] serverStartup: CdmInit:  AggregationCache= /home/cschroed/src/nar-services/nar-ncsosx/content/thredds/cache/agg scour = 86400 maxAgeSecs = 7776000
2014-03-31T12:02:33.993-0500 [      1181][        ] serverStartup: CdmInit: Aggregation.setTypicalDatasetMode= penultimate
2014-03-31T12:02:33.994-0500 [      1182][        ] serverStartup: CdmInit:  CdmCache= /home/cschroed/src/nar-services/nar-ncsosx/content/thredds/cache/cdm scour = 3600 maxSize = 1000000000
2014-03-31T12:02:34.059-0500 [      1247][        ] serverStartup: netcdf4 c library loaded jna_path= '/usr/jna_lib/' libname='netcdf'
2014-03-31T12:02:34.059-0500 [      1247][        ] serverStartup: netcdf4 c library loaded from jna_path='/usr/jna_lib/' libname=netcdf
2014-03-31T12:02:34.059-0500 [      1247][        ] serverStartup: CdmInit complete
2014-03-31T12:02:34.068-0500 [      1256][        ] org.springframework.web.context.ContextLoader: Root WebApplicationContext: initialization completed in 2502 ms
2014-03-31T12:02:34.077-0500 [      1265][        ] org.springframework.web.servlet.DispatcherServlet: FrameworkServlet 'root': initialization started
2014-03-31T12:02:34.078-0500 [      1266][        ] org.springframework.web.context.support.XmlWebApplicationContext: Refreshing WebApplicationContext for namespace 'root-servlet': startup date [Mon Mar 31 12:02:34 CDT 2014]; parent: Root WebApplicationContext
2014-03-31T12:02:34.079-0500 [      1267][        ] org.springframework.beans.factory.xml.XmlBeanDefinitionReader: Loading XML bean definitions from ServletContext resource [/WEB-INF/root-servlet.xml]
2014-03-31T12:02:34.097-0500 [      1285][        ] org.springframework.beans.factory.support.DefaultListableBeanFactory: Pre-instantiating singletons in org.springframework.beans.factory.support.DefaultListableBeanFactory@44a8baa8: defining beans [rootController,org.springframework.web.servlet.handler.SimpleUrlHandlerMapping#0,xmlViewResolver,viewResolver]; parent: org.springframework.beans.factory.support.DefaultListableBeanFactory@353b3810
2014-03-31T12:02:34.113-0500 [      1301][        ] org.springframework.web.servlet.handler.SimpleUrlHandlerMapping: Mapped URL path [/**/*] onto handler 'rootController'
2014-03-31T12:02:34.114-0500 [      1302][        ] org.springframework.web.servlet.handler.SimpleUrlHandlerMapping: Root mapping to handler 'rootController'
2014-03-31T12:02:34.121-0500 [      1309][        ] org.springframework.beans.factory.xml.XmlBeanDefinitionReader: Loading XML bean definitions from ServletContext resource [/WEB-INF/view.xml]
2014-03-31T12:02:34.134-0500 [      1322][        ] org.springframework.web.context.support.GenericWebApplicationContext: Refreshing org.springframework.web.context.support.GenericWebApplicationContext@154dba81: startup date [Mon Mar 31 12:02:34 CDT 2014]; parent: WebApplicationContext for namespace 'root-servlet'
2014-03-31T12:02:34.136-0500 [      1324][        ] org.springframework.beans.factory.support.DefaultListableBeanFactory: Pre-instantiating singletons in org.springframework.beans.factory.support.DefaultListableBeanFactory@63068661: defining beans [threddsFileView,threddsInvCatXmlView]; parent: org.springframework.beans.factory.support.DefaultListableBeanFactory@44a8baa8
2014-03-31T12:02:34.174-0500 [      1362][        ] org.springframework.web.servlet.DispatcherServlet: FrameworkServlet 'root': initialization completed in 97 ms
2014-03-31T12:02:34.175-0500 [      1363][        ] org.springframework.web.servlet.DispatcherServlet: FrameworkServlet 'catalogService': initialization started
2014-03-31T12:02:34.176-0500 [      1364][        ] org.springframework.web.context.support.XmlWebApplicationContext: Refreshing WebApplicationContext for namespace 'catalogService-servlet': startup date [Mon Mar 31 12:02:34 CDT 2014]; parent: Root WebApplicationContext
2014-03-31T12:02:34.176-0500 [      1364][        ] org.springframework.beans.factory.xml.XmlBeanDefinitionReader: Loading XML bean definitions from ServletContext resource [/WEB-INF/catalogService-servlet.xml]
2014-03-31T12:02:34.197-0500 [      1385][        ] org.springframework.beans.factory.support.DefaultListableBeanFactory: Pre-instantiating singletons in org.springframework.beans.factory.support.DefaultListableBeanFactory@129b8b69: defining beans [anyXmlController,anyHtmlController,catalogXmlController,catalogHtmlController,remoteCatalogController,org.springframework.web.servlet.handler.SimpleUrlHandlerMapping#0,xmlViewResolver,viewResolver]; parent: org.springframework.beans.factory.support.DefaultListableBeanFactory@353b3810
2014-03-31T12:02:34.217-0500 [      1405][        ] org.springframework.web.servlet.handler.SimpleUrlHandlerMapping: Mapped URL path [/remoteCatalogService] onto handler 'remoteCatalogController'
2014-03-31T12:02:34.217-0500 [      1405][        ] org.springframework.web.servlet.handler.SimpleUrlHandlerMapping: Mapped URL path [/remoteCatalogValidation.html] onto handler 'remoteCatalogController'
2014-03-31T12:02:34.217-0500 [      1405][        ] org.springframework.web.servlet.handler.SimpleUrlHandlerMapping: Mapped URL path [/**/*.xml] onto handler 'anyXmlController'
2014-03-31T12:02:34.217-0500 [      1405][        ] org.springframework.web.servlet.handler.SimpleUrlHandlerMapping: Mapped URL path [/catalogServices] onto handler 'remoteCatalogController'
2014-03-31T12:02:34.217-0500 [      1405][        ] org.springframework.web.servlet.handler.SimpleUrlHandlerMapping: Mapped URL path [/**/*.html] onto handler 'anyHtmlController'
2014-03-31T12:02:34.219-0500 [      1407][        ] org.springframework.beans.factory.xml.XmlBeanDefinitionReader: Loading XML bean definitions from ServletContext resource [/WEB-INF/view.xml]
2014-03-31T12:02:34.231-0500 [      1419][        ] org.springframework.web.context.support.GenericWebApplicationContext: Refreshing org.springframework.web.context.support.GenericWebApplicationContext@20f77978: startup date [Mon Mar 31 12:02:34 CDT 2014]; parent: WebApplicationContext for namespace 'catalogService-servlet'
2014-03-31T12:02:34.231-0500 [      1419][        ] org.springframework.beans.factory.support.DefaultListableBeanFactory: Pre-instantiating singletons in org.springframework.beans.factory.support.DefaultListableBeanFactory@353a392b: defining beans [threddsFileView,threddsInvCatXmlView]; parent: org.springframework.beans.factory.support.DefaultListableBeanFactory@129b8b69
2014-03-31T12:02:34.233-0500 [      1421][        ] org.springframework.web.servlet.DispatcherServlet: FrameworkServlet 'catalogService': initialization completed in 58 ms
2014-03-31T12:02:34.234-0500 [      1422][        ] org.springframework.web.servlet.DispatcherServlet: FrameworkServlet 'radarServer': initialization started
2014-03-31T12:02:34.235-0500 [      1423][        ] org.springframework.web.context.support.XmlWebApplicationContext: Refreshing WebApplicationContext for namespace 'radarServer-servlet': startup date [Mon Mar 31 12:02:34 CDT 2014]; parent: Root WebApplicationContext
2014-03-31T12:02:34.235-0500 [      1423][        ] org.springframework.beans.factory.xml.XmlBeanDefinitionReader: Loading XML bean definitions from ServletContext resource [/WEB-INF/radarServer-servlet.xml]
2014-03-31T12:02:34.262-0500 [      1450][        ] org.springframework.beans.factory.support.DefaultListableBeanFactory: Pre-instantiating singletons in org.springframework.beans.factory.support.DefaultListableBeanFactory@75b1e4be: defining beans [datasetCollection,repository,catalogXmlController,catalogHtmlController,queryXmlController,stationXmlController,org.springframework.web.servlet.handler.SimpleUrlHandlerMapping#0,xmlViewResolver,viewResolver,exceptionResolver]; parent: org.springframework.beans.factory.support.DefaultListableBeanFactory@353b3810
2014-03-31T12:02:34.272-0500 [      1460][        ] serverStartup: radarServer readCatalog(): full path=/home/cschroed/src/nar-services/nar-ncsosx/content/thredds/servers/radarCollections.xml; path=/servers/radarCollections.xml
2014-03-31T12:02:34.272-0500 [      1460][        ] serverStartup: radarServer readCatalog(): Exception on catalog=/home/cschroed/src/nar-services/nar-ncsosx/content/thredds/servers/radarCollections.xml /home/cschroed/src/nar-services/nar-ncsosx/content/thredds/servers/radarCollections.xml (No such file or directory)
2014-03-31T12:02:34.297-0500 [      1485][        ] org.springframework.web.servlet.handler.SimpleUrlHandlerMapping: Mapped URL path [/**/stations.xml] onto handler 'stationXmlController'
2014-03-31T12:02:34.297-0500 [      1485][        ] org.springframework.web.servlet.handler.SimpleUrlHandlerMapping: Mapped URL path [/**/catalog.html] onto handler 'catalogHtmlController'
2014-03-31T12:02:34.297-0500 [      1485][        ] org.springframework.web.servlet.handler.SimpleUrlHandlerMapping: Mapped URL path [/**/catalog.xml] onto handler 'catalogXmlController'
2014-03-31T12:02:34.297-0500 [      1485][        ] org.springframework.web.servlet.handler.SimpleUrlHandlerMapping: Mapped URL path [/**/dataset.html] onto handler 'catalogHtmlController'
2014-03-31T12:02:34.297-0500 [      1485][        ] org.springframework.web.servlet.handler.SimpleUrlHandlerMapping: Mapped URL path [/**/*?*] onto handler 'queryXmlController'
2014-03-31T12:02:34.298-0500 [      1486][        ] org.springframework.web.servlet.handler.SimpleUrlHandlerMapping: Mapped URL path [/**/dataset.xml] onto handler 'catalogXmlController'
2014-03-31T12:02:34.299-0500 [      1487][        ] org.springframework.beans.factory.xml.XmlBeanDefinitionReader: Loading XML bean definitions from ServletContext resource [/WEB-INF/view.xml]
2014-03-31T12:02:34.308-0500 [      1496][        ] org.springframework.web.context.support.GenericWebApplicationContext: Refreshing org.springframework.web.context.support.GenericWebApplicationContext@6df01bb2: startup date [Mon Mar 31 12:02:34 CDT 2014]; parent: WebApplicationContext for namespace 'radarServer-servlet'
2014-03-31T12:02:34.308-0500 [      1496][        ] org.springframework.beans.factory.support.DefaultListableBeanFactory: Pre-instantiating singletons in org.springframework.beans.factory.support.DefaultListableBeanFactory@46957d5: defining beans [threddsFileView,threddsInvCatXmlView]; parent: org.springframework.beans.factory.support.DefaultListableBeanFactory@75b1e4be
2014-03-31T12:02:34.313-0500 [      1501][        ] org.springframework.web.servlet.DispatcherServlet: FrameworkServlet 'radarServer': initialization completed in 79 ms
2014-03-31T12:02:34.314-0500 [      1502][        ] org.springframework.web.servlet.DispatcherServlet: FrameworkServlet 'serverInfo': initialization started
2014-03-31T12:02:34.314-0500 [      1502][        ] org.springframework.web.context.support.XmlWebApplicationContext: Refreshing WebApplicationContext for namespace 'serverInfo-servlet': startup date [Mon Mar 31 12:02:34 CDT 2014]; parent: Root WebApplicationContext
2014-03-31T12:02:34.315-0500 [      1503][        ] org.springframework.beans.factory.xml.XmlBeanDefinitionReader: Loading XML bean definitions from ServletContext resource [/WEB-INF/serverInfo-servlet.xml]
2014-03-31T12:02:34.326-0500 [      1514][        ] org.springframework.beans.factory.support.DefaultListableBeanFactory: Pre-instantiating singletons in org.springframework.beans.factory.support.DefaultListableBeanFactory@80b7a7e: defining beans [serverInfoController,org.springframework.web.servlet.handler.SimpleUrlHandlerMapping#0,viewResolver]; parent: org.springframework.beans.factory.support.DefaultListableBeanFactory@353b3810
2014-03-31T12:02:34.334-0500 [      1522][        ] org.springframework.web.servlet.handler.SimpleUrlHandlerMapping: Mapped URL path [/serverVersion.txt] onto handler 'serverInfoController'
2014-03-31T12:02:34.334-0500 [      1522][        ] org.springframework.web.servlet.handler.SimpleUrlHandlerMapping: Mapped URL path [/serverInfo.xml] onto handler 'serverInfoController'
2014-03-31T12:02:34.334-0500 [      1522][        ] org.springframework.web.servlet.handler.SimpleUrlHandlerMapping: Mapped URL path [/serverInfo.html] onto handler 'serverInfoController'
2014-03-31T12:02:34.335-0500 [      1523][        ] org.springframework.web.servlet.DispatcherServlet: FrameworkServlet 'serverInfo': initialization completed in 21 ms
2014-03-31T12:02:34.336-0500 [      1524][        ] org.springframework.web.servlet.DispatcherServlet: FrameworkServlet 'sos': initialization started
2014-03-31T12:02:34.337-0500 [      1525][        ] org.springframework.web.context.support.XmlWebApplicationContext: Refreshing WebApplicationContext for namespace 'sos-servlet': startup date [Mon Mar 31 12:02:34 CDT 2014]; parent: Root WebApplicationContext
2014-03-31T12:02:34.337-0500 [      1525][        ] org.springframework.beans.factory.xml.XmlBeanDefinitionReader: Loading XML bean definitions from ServletContext resource [/WEB-INF/sos-servlet.xml]
2014-03-31T12:02:34.355-0500 [      1543][        ] org.springframework.beans.factory.support.DefaultListableBeanFactory: Pre-instantiating singletons in org.springframework.beans.factory.support.DefaultListableBeanFactory@5909e4a9: defining beans [sosController,org.springframework.context.annotation.internalConfigurationAnnotationProcessor,org.springframework.context.annotation.internalAutowiredAnnotationProcessor,org.springframework.context.annotation.internalRequiredAnnotationProcessor,org.springframework.context.annotation.internalCommonAnnotationProcessor,org.springframework.web.servlet.mvc.annotation.AnnotationMethodHandlerAdapter#0,org.springframework.web.servlet.handler.SimpleUrlHandlerMapping#0,org.springframework.context.annotation.ConfigurationClassPostProcessor$ImportAwareBeanPostProcessor#0]; parent: org.springframework.beans.factory.support.DefaultListableBeanFactory@353b3810
2014-03-31T12:02:34.372-0500 [      1560][        ] org.springframework.web.servlet.handler.SimpleUrlHandlerMapping: Mapped URL path [/sos/**] onto handler 'sosController'
2014-03-31T12:02:34.384-0500 [      1572][        ] org.springframework.web.servlet.DispatcherServlet: FrameworkServlet 'sos': initialization completed in 48 ms
2014-03-31T12:02:34.384-0500 [      1572][        ] org.springframework.web.servlet.DispatcherServlet: FrameworkServlet 'catalogGen': initialization started
2014-03-31T12:02:34.385-0500 [      1573][        ] org.springframework.web.context.support.XmlWebApplicationContext: Refreshing WebApplicationContext for namespace 'catalogGen-servlet': startup date [Mon Mar 31 12:02:34 CDT 2014]; parent: Root WebApplicationContext
2014-03-31T12:02:34.385-0500 [      1573][        ] org.springframework.beans.factory.xml.XmlBeanDefinitionReader: Loading XML bean definitions from ServletContext resource [/WEB-INF/catalogGen-servlet.xml]
2014-03-31T12:02:34.397-0500 [      1585][        ] org.springframework.beans.factory.support.DefaultListableBeanFactory: Pre-instantiating singletons in org.springframework.beans.factory.support.DefaultListableBeanFactory@d82fbd0: defining beans [catGenController,org.springframework.web.servlet.handler.SimpleUrlHandlerMapping#0,viewResolver]; parent: org.springframework.beans.factory.support.DefaultListableBeanFactory@353b3810
2014-03-31T12:02:34.407-0500 [      1595][       1] serverStartup: CatalogGen - initialize start - Non-request thread opening.
2014-03-31T12:02:34.407-0500 [      1595][       1] serverStartup: CatalogGen not enabled in threddsConfig.xml - Non-request thread closing - 0
2014-03-31T12:02:34.408-0500 [      1596][       1] org.springframework.web.servlet.handler.SimpleUrlHandlerMapping: Root mapping to handler 'catGenController'
2014-03-31T12:02:34.408-0500 [      1596][       1] org.springframework.web.servlet.handler.SimpleUrlHandlerMapping: Default mapping to handler 'catGenController'
2014-03-31T12:02:34.408-0500 [      1596][       1] org.springframework.web.servlet.handler.SimpleUrlHandlerMapping: Root mapping to handler 'catGenController'
2014-03-31T12:02:34.410-0500 [      1598][       1] org.springframework.web.servlet.DispatcherServlet: FrameworkServlet 'catalogGen': initialization completed in 26 ms
2014-03-31T12:02:34.411-0500 [      1599][       1] org.springframework.web.servlet.DispatcherServlet: FrameworkServlet 'dqc': initialization started
2014-03-31T12:02:34.411-0500 [      1599][       1] org.springframework.web.context.support.XmlWebApplicationContext: Refreshing WebApplicationContext for namespace 'dqc-servlet': startup date [Mon Mar 31 12:02:34 CDT 2014]; parent: Root WebApplicationContext
2014-03-31T12:02:34.411-0500 [      1599][       1] org.springframework.beans.factory.xml.XmlBeanDefinitionReader: Loading XML bean definitions from ServletContext resource [/WEB-INF/dqc-servlet.xml]
2014-03-31T12:02:34.424-0500 [      1612][       1] org.springframework.beans.factory.support.DefaultListableBeanFactory: Pre-instantiating singletons in org.springframework.beans.factory.support.DefaultListableBeanFactory@5a75caf9: defining beans [dqcController,org.springframework.web.servlet.handler.SimpleUrlHandlerMapping#0,xmlViewResolver,viewResolver]; parent: org.springframework.beans.factory.support.DefaultListableBeanFactory@353b3810
2014-03-31T12:02:34.432-0500 [      1620][       1] serverStartup: DQC Service - init start - 
2014-03-31T12:02:34.432-0500 [      1620][       1] serverStartup: Dqc Service not enabled in threddsConfig.xml - 
2014-03-31T12:02:34.433-0500 [      1621][       1] org.springframework.web.servlet.handler.SimpleUrlHandlerMapping: Mapped URL path [/**/*] onto handler 'dqcController'
2014-03-31T12:02:34.433-0500 [      1621][       1] org.springframework.web.servlet.handler.SimpleUrlHandlerMapping: Root mapping to handler 'dqcController'
2014-03-31T12:02:34.435-0500 [      1623][       1] org.springframework.beans.factory.xml.XmlBeanDefinitionReader: Loading XML bean definitions from ServletContext resource [/WEB-INF/view.xml]
2014-03-31T12:02:34.444-0500 [      1632][       1] org.springframework.web.context.support.GenericWebApplicationContext: Refreshing org.springframework.web.context.support.GenericWebApplicationContext@957c652: startup date [Mon Mar 31 12:02:34 CDT 2014]; parent: WebApplicationContext for namespace 'dqc-servlet'
2014-03-31T12:02:34.444-0500 [      1632][       1] org.springframework.beans.factory.support.DefaultListableBeanFactory: Pre-instantiating singletons in org.springframework.beans.factory.support.DefaultListableBeanFactory@15c6ca95: defining beans [threddsFileView,threddsInvCatXmlView]; parent: org.springframework.beans.factory.support.DefaultListableBeanFactory@5a75caf9
2014-03-31T12:02:34.446-0500 [      1634][       1] org.springframework.web.servlet.DispatcherServlet: FrameworkServlet 'dqc': initialization completed in 35 ms
2014-03-31T12:02:34.447-0500 [      1635][       1] serverStartup: thredds.server.wcs.WCSServlet initialization start -  
2014-03-31T12:02:34.447-0500 [      1635][       1] serverStartup: WCS:allow= false
2014-03-31T12:02:34.447-0500 [      1635][       1] serverStartup: WCS service not enabled in threddsConfig.xml: 
2014-03-31T12:02:34.449-0500 [      1637][       1] serverStartup: thredds.server.opendap.OpendapServlet initialization start
2014-03-31T12:02:34.449-0500 [      1637][       1] serverStartup: thredds.server.opendap.OpendapServlet version= opendap/3.7 ascLimit = 50 binLimit = 500
2014-03-31T12:02:34.449-0500 [      1637][       1] serverStartup: thredds.server.opendap.OpendapServlet initialization done
2014-03-31T12:02:34.450-0500 [      1638][       1] org.springframework.web.servlet.DispatcherServlet: FrameworkServlet 'test': initialization started
2014-03-31T12:02:34.451-0500 [      1639][       1] org.springframework.web.context.support.XmlWebApplicationContext: Refreshing WebApplicationContext for namespace 'test-servlet': startup date [Mon Mar 31 12:02:34 CDT 2014]; parent: Root WebApplicationContext
2014-03-31T12:02:34.451-0500 [      1639][       1] org.springframework.beans.factory.xml.XmlBeanDefinitionReader: Loading XML bean definitions from ServletContext resource [/WEB-INF/test-servlet.xml]
2014-03-31T12:02:34.461-0500 [      1649][       1] org.springframework.beans.factory.support.DefaultListableBeanFactory: Pre-instantiating singletons in org.springframework.beans.factory.support.DefaultListableBeanFactory@415cb5fe: defining beans [testController,org.springframework.web.servlet.handler.SimpleUrlHandlerMapping#0]; parent: org.springframework.beans.factory.support.DefaultListableBeanFactory@353b3810
2014-03-31T12:02:34.462-0500 [      1650][       1] org.springframework.web.servlet.handler.SimpleUrlHandlerMapping: Default mapping to handler 'testController'
2014-03-31T12:02:34.464-0500 [      1652][       1] org.springframework.web.servlet.DispatcherServlet: FrameworkServlet 'test': initialization completed in 14 ms
2014-03-31T12:02:34.464-0500 [      1652][       1] org.springframework.web.servlet.DispatcherServlet: FrameworkServlet 'cdmrFeature': initialization started
2014-03-31T12:02:34.465-0500 [      1653][       1] org.springframework.web.context.support.XmlWebApplicationContext: Refreshing WebApplicationContext for namespace 'cdmrFeature-servlet': startup date [Mon Mar 31 12:02:34 CDT 2014]; parent: Root WebApplicationContext
2014-03-31T12:02:34.465-0500 [      1653][       1] org.springframework.beans.factory.xml.XmlBeanDefinitionReader: Loading XML bean definitions from ServletContext resource [/WEB-INF/cdmrFeature-servlet.xml]
2014-03-31T12:02:34.487-0500 [      1675][       1] org.springframework.beans.factory.support.DefaultListableBeanFactory: Pre-instantiating singletons in org.springframework.beans.factory.support.DefaultListableBeanFactory@27f61f70: defining beans [org.springframework.web.servlet.handler.SimpleUrlHandlerMapping#0,cdmrFeatureController,diskCache,collectionManager,ncMetars,ncMetarsLocal,ncMetarsLocalHome,gempakMetars,gempakMetarsLocal,gempakMetarsLocalHome,quickScatWinds]; parent: org.springframework.beans.factory.support.DefaultListableBeanFactory@353b3810
2014-03-31T12:02:34.503-0500 [      1691][       1] org.springframework.web.servlet.handler.SimpleUrlHandlerMapping: Mapped URL path [/**] onto handler 'cdmrFeatureController'
2014-03-31T12:02:34.512-0500 [      1700][       1] org.springframework.web.servlet.DispatcherServlet: FrameworkServlet 'cdmrFeature': initialization completed in 48 ms
2014-03-31T12:02:34.513-0500 [      1701][       1] org.springframework.web.servlet.DispatcherServlet: FrameworkServlet 'cdmRemote': initialization started
2014-03-31T12:02:34.513-0500 [      1701][       1] org.springframework.web.context.support.XmlWebApplicationContext: Refreshing WebApplicationContext for namespace 'cdmRemote-servlet': startup date [Mon Mar 31 12:02:34 CDT 2014]; parent: Root WebApplicationContext
2014-03-31T12:02:34.514-0500 [      1702][       1] org.springframework.beans.factory.xml.XmlBeanDefinitionReader: Loading XML bean definitions from ServletContext resource [/WEB-INF/cdmRemote-servlet.xml]
2014-03-31T12:02:34.525-0500 [      1713][       1] org.springframework.beans.factory.support.DefaultListableBeanFactory: Pre-instantiating singletons in org.springframework.beans.factory.support.DefaultListableBeanFactory@640a89ba: defining beans [org.springframework.web.servlet.handler.SimpleUrlHandlerMapping#0,cdmRemoteController]; parent: org.springframework.beans.factory.support.DefaultListableBeanFactory@353b3810
2014-03-31T12:02:34.536-0500 [      1724][       1] org.springframework.web.servlet.handler.SimpleUrlHandlerMapping: Mapped URL path [/**] onto handler 'cdmRemoteController'
2014-03-31T12:02:34.538-0500 [      1726][       1] org.springframework.web.servlet.DispatcherServlet: FrameworkServlet 'cdmRemote': initialization completed in 25 ms
2014-03-31T12:02:34.538-0500 [      1726][       1] org.springframework.web.servlet.DispatcherServlet: FrameworkServlet 'admin': initialization started
2014-03-31T12:02:34.539-0500 [      1727][       1] org.springframework.web.context.support.XmlWebApplicationContext: Refreshing WebApplicationContext for namespace 'admin-servlet': startup date [Mon Mar 31 12:02:34 CDT 2014]; parent: Root WebApplicationContext
2014-03-31T12:02:34.539-0500 [      1727][       1] org.springframework.beans.factory.xml.XmlBeanDefinitionReader: Loading XML bean definitions from ServletContext resource [/WEB-INF/admin-servlet.xml]
2014-03-31T12:02:34.556-0500 [      1744][       1] org.springframework.beans.factory.support.DefaultListableBeanFactory: Pre-instantiating singletons in org.springframework.beans.factory.support.DefaultListableBeanFactory@1730f915: defining beans [debugController,dirDisplayController,logController,fmrcCacheController,collectionController,testController,org.springframework.web.servlet.handler.SimpleUrlHandlerMapping#0,xmlViewResolver,viewResolver,thredds.servlet.DebugCommands#0]; parent: org.springframework.beans.factory.support.DefaultListableBeanFactory@353b3810
2014-03-31T12:02:34.582-0500 [      1770][       1] org.springframework.web.servlet.handler.SimpleUrlHandlerMapping: Mapped URL path [/collection] onto handler 'collectionController'
2014-03-31T12:02:34.582-0500 [      1770][       1] org.springframework.web.servlet.handler.SimpleUrlHandlerMapping: Mapped URL path [/log/**] onto handler 'logController'
2014-03-31T12:02:34.582-0500 [      1770][       1] org.springframework.web.servlet.handler.SimpleUrlHandlerMapping: Mapped URL path [/debug] onto handler 'debugController'
2014-03-31T12:02:34.582-0500 [      1770][       1] org.springframework.web.servlet.handler.SimpleUrlHandlerMapping: Mapped URL path [/roots] onto handler 'logController'
2014-03-31T12:02:34.582-0500 [      1770][       1] org.springframework.web.servlet.handler.SimpleUrlHandlerMapping: Default mapping to handler 'dirDisplayController'
2014-03-31T12:02:34.582-0500 [      1770][       1] org.springframework.web.servlet.handler.SimpleUrlHandlerMapping: Mapped URL path [/fmrcCache] onto handler 'fmrcCacheController'
2014-03-31T12:02:34.582-0500 [      1770][       1] org.springframework.web.servlet.handler.SimpleUrlHandlerMapping: Mapped URL path [/fmrcCache/*] onto handler 'fmrcCacheController'
2014-03-31T12:02:34.582-0500 [      1770][       1] org.springframework.web.servlet.handler.SimpleUrlHandlerMapping: Mapped URL path [/debug/*] onto handler 'debugController'
2014-03-31T12:02:34.582-0500 [      1770][       1] org.springframework.web.servlet.handler.SimpleUrlHandlerMapping: Mapped URL path [/collection/trigger] onto handler 'collectionController'
2014-03-31T12:02:34.583-0500 [      1771][       1] org.springframework.beans.factory.xml.XmlBeanDefinitionReader: Loading XML bean definitions from ServletContext resource [/WEB-INF/view.xml]
2014-03-31T12:02:34.592-0500 [      1780][       1] org.springframework.web.context.support.GenericWebApplicationContext: Refreshing org.springframework.web.context.support.GenericWebApplicationContext@20e61a60: startup date [Mon Mar 31 12:02:34 CDT 2014]; parent: WebApplicationContext for namespace 'admin-servlet'
2014-03-31T12:02:34.593-0500 [      1781][       1] org.springframework.beans.factory.support.DefaultListableBeanFactory: Pre-instantiating singletons in org.springframework.beans.factory.support.DefaultListableBeanFactory@734df26e: defining beans [threddsFileView,threddsInvCatXmlView]; parent: org.springframework.beans.factory.support.DefaultListableBeanFactory@1730f915
2014-03-31T12:02:34.600-0500 [      1788][       1] org.springframework.web.servlet.DispatcherServlet: FrameworkServlet 'admin': initialization completed in 62 ms
2014-03-31T12:02:34.601-0500 [      1789][       1] org.springframework.web.servlet.DispatcherServlet: FrameworkServlet 'wms': initialization started
2014-03-31T12:02:34.601-0500 [      1789][       1] org.springframework.web.context.support.XmlWebApplicationContext: Refreshing WebApplicationContext for namespace 'wms-servlet': startup date [Mon Mar 31 12:02:34 CDT 2014]; parent: Root WebApplicationContext
2014-03-31T12:02:34.602-0500 [      1790][       1] org.springframework.beans.factory.xml.XmlBeanDefinitionReader: Loading XML bean definitions from ServletContext resource [/WEB-INF/wms-servlet.xml]
2014-03-31T12:02:34.617-0500 [      1805][       1] org.springframework.beans.factory.support.DefaultListableBeanFactory: Pre-instantiating singletons in org.springframework.beans.factory.support.DefaultListableBeanFactory@3a3fbc4f: defining beans [config,wmsController,org.springframework.web.servlet.handler.SimpleUrlHandlerMapping#0,viewResolver,exceptionResolver]; parent: org.springframework.beans.factory.support.DefaultListableBeanFactory@353b3810
2014-03-31T12:02:34.649-0500 [      1837][       1] serverStartup: WMS:allow= false
2014-03-31T12:02:34.650-0500 [      1838][       1] org.springframework.web.servlet.handler.SimpleUrlHandlerMapping: Mapped URL path [/wms/**] onto handler 'wmsController'
2014-03-31T12:02:34.652-0500 [      1840][       1] org.springframework.web.servlet.DispatcherServlet: FrameworkServlet 'wms': initialization completed in 51 ms
2014-03-31T12:02:34.653-0500 [      1841][       1] serverStartup: thredds.servlet.FmrcInventoryServlet initialization start -  
2014-03-31T12:02:34.653-0500 [      1841][       1] serverStartup: thredds.servlet.FmrcInventoryServlet initialization done -  
2014-03-31T12:02:34.653-0500 [      1841][       1] serverStartup: thredds.servlet.DLwriterServlet initialization start -  
2014-03-31T12:02:34.653-0500 [      1841][       1] serverStartup: DLwriterServlet.init(): DLwriter service not enabled in threddsConfig.xml: 
2014-03-31T12:07:18.370-0500 [    285558][       1] org.springframework.web.context.support.XmlWebApplicationContext: Closing WebApplicationContext for namespace 'catalogService-servlet': startup date [Mon Mar 31 12:02:34 CDT 2014]; parent: Root WebApplicationContext
2014-03-31T12:07:18.370-0500 [    285558][       1] org.springframework.beans.factory.support.DefaultListableBeanFactory: Destroying singletons in org.springframework.beans.factory.support.DefaultListableBeanFactory@129b8b69: defining beans [anyXmlController,anyHtmlController,catalogXmlController,catalogHtmlController,remoteCatalogController,org.springframework.web.servlet.handler.SimpleUrlHandlerMapping#0,xmlViewResolver,viewResolver]; parent: org.springframework.beans.factory.support.DefaultListableBeanFactory@353b3810
2014-03-31T12:07:18.370-0500 [    285558][       1] org.springframework.web.context.support.GenericWebApplicationContext: Closing org.springframework.web.context.support.GenericWebApplicationContext@20f77978: startup date [Mon Mar 31 12:02:34 CDT 2014]; parent: WebApplicationContext for namespace 'catalogService-servlet'
2014-03-31T12:07:18.370-0500 [    285558][       1] org.springframework.beans.factory.support.DefaultListableBeanFactory: Destroying singletons in org.springframework.beans.factory.support.DefaultListableBeanFactory@353a392b: defining beans [threddsFileView,threddsInvCatXmlView]; parent: org.springframework.beans.factory.support.DefaultListableBeanFactory@129b8b69
2014-03-31T12:07:18.371-0500 [    285559][       1] org.springframework.web.context.support.XmlWebApplicationContext: Closing WebApplicationContext for namespace 'root-servlet': startup date [Mon Mar 31 12:02:34 CDT 2014]; parent: Root WebApplicationContext
2014-03-31T12:07:18.371-0500 [    285559][       1] org.springframework.beans.factory.support.DefaultListableBeanFactory: Destroying singletons in org.springframework.beans.factory.support.DefaultListableBeanFactory@44a8baa8: defining beans [rootController,org.springframework.web.servlet.handler.SimpleUrlHandlerMapping#0,xmlViewResolver,viewResolver]; parent: org.springframework.beans.factory.support.DefaultListableBeanFactory@353b3810
2014-03-31T12:07:18.371-0500 [    285559][       1] org.springframework.web.context.support.GenericWebApplicationContext: Closing org.springframework.web.context.support.GenericWebApplicationContext@154dba81: startup date [Mon Mar 31 12:02:34 CDT 2014]; parent: WebApplicationContext for namespace 'root-servlet'
2014-03-31T12:07:18.371-0500 [    285559][       1] org.springframework.beans.factory.support.DefaultListableBeanFactory: Destroying singletons in org.springframework.beans.factory.support.DefaultListableBeanFactory@63068661: defining beans [threddsFileView,threddsInvCatXmlView]; parent: org.springframework.beans.factory.support.DefaultListableBeanFactory@44a8baa8
2014-03-31T12:07:18.372-0500 [    285560][       1] org.springframework.web.context.support.XmlWebApplicationContext: Closing WebApplicationContext for namespace 'test-servlet': startup date [Mon Mar 31 12:02:34 CDT 2014]; parent: Root WebApplicationContext
2014-03-31T12:07:18.372-0500 [    285560][       1] org.springframework.beans.factory.support.DefaultListableBeanFactory: Destroying singletons in org.springframework.beans.factory.support.DefaultListableBeanFactory@415cb5fe: defining beans [testController,org.springframework.web.servlet.handler.SimpleUrlHandlerMapping#0]; parent: org.springframework.beans.factory.support.DefaultListableBeanFactory@353b3810
2014-03-31T12:07:18.373-0500 [    285561][       1] org.springframework.web.context.support.XmlWebApplicationContext: Closing WebApplicationContext for namespace 'radarServer-servlet': startup date [Mon Mar 31 12:02:34 CDT 2014]; parent: Root WebApplicationContext
2014-03-31T12:07:18.373-0500 [    285561][       1] org.springframework.beans.factory.support.DefaultListableBeanFactory: Destroying singletons in org.springframework.beans.factory.support.DefaultListableBeanFactory@75b1e4be: defining beans [datasetCollection,repository,catalogXmlController,catalogHtmlController,queryXmlController,stationXmlController,org.springframework.web.servlet.handler.SimpleUrlHandlerMapping#0,xmlViewResolver,viewResolver,exceptionResolver]; parent: org.springframework.beans.factory.support.DefaultListableBeanFactory@353b3810
2014-03-31T12:07:18.373-0500 [    285561][       1] org.springframework.web.context.support.GenericWebApplicationContext: Closing org.springframework.web.context.support.GenericWebApplicationContext@6df01bb2: startup date [Mon Mar 31 12:02:34 CDT 2014]; parent: WebApplicationContext for namespace 'radarServer-servlet'
2014-03-31T12:07:18.373-0500 [    285561][       1] org.springframework.beans.factory.support.DefaultListableBeanFactory: Destroying singletons in org.springframework.beans.factory.support.DefaultListableBeanFactory@46957d5: defining beans [threddsFileView,threddsInvCatXmlView]; parent: org.springframework.beans.factory.support.DefaultListableBeanFactory@75b1e4be
2014-03-31T12:07:18.373-0500 [    285561][       1] org.springframework.web.context.support.XmlWebApplicationContext: Closing WebApplicationContext for namespace 'cdmrFeature-servlet': startup date [Mon Mar 31 12:02:34 CDT 2014]; parent: Root WebApplicationContext
2014-03-31T12:07:18.373-0500 [    285561][       1] org.springframework.beans.factory.support.DefaultListableBeanFactory: Destroying singletons in org.springframework.beans.factory.support.DefaultListableBeanFactory@27f61f70: defining beans [org.springframework.web.servlet.handler.SimpleUrlHandlerMapping#0,cdmrFeatureController,diskCache,collectionManager,ncMetars,ncMetarsLocal,ncMetarsLocalHome,gempakMetars,gempakMetarsLocal,gempakMetarsLocalHome,quickScatWinds]; parent: org.springframework.beans.factory.support.DefaultListableBeanFactory@353b3810
2014-03-31T12:07:18.374-0500 [    285562][       1] org.springframework.web.context.support.XmlWebApplicationContext: Closing WebApplicationContext for namespace 'serverInfo-servlet': startup date [Mon Mar 31 12:02:34 CDT 2014]; parent: Root WebApplicationContext
2014-03-31T12:07:18.374-0500 [    285562][       1] org.springframework.beans.factory.support.DefaultListableBeanFactory: Destroying singletons in org.springframework.beans.factory.support.DefaultListableBeanFactory@80b7a7e: defining beans [serverInfoController,org.springframework.web.servlet.handler.SimpleUrlHandlerMapping#0,viewResolver]; parent: org.springframework.beans.factory.support.DefaultListableBeanFactory@353b3810
2014-03-31T12:07:18.374-0500 [    285562][       1] org.springframework.web.context.support.XmlWebApplicationContext: Closing WebApplicationContext for namespace 'sos-servlet': startup date [Mon Mar 31 12:02:34 CDT 2014]; parent: Root WebApplicationContext
2014-03-31T12:07:18.374-0500 [    285562][       1] org.springframework.beans.factory.support.DefaultListableBeanFactory: Destroying singletons in org.springframework.beans.factory.support.DefaultListableBeanFactory@5909e4a9: defining beans [sosController,org.springframework.context.annotation.internalConfigurationAnnotationProcessor,org.springframework.context.annotation.internalAutowiredAnnotationProcessor,org.springframework.context.annotation.internalRequiredAnnotationProcessor,org.springframework.context.annotation.internalCommonAnnotationProcessor,org.springframework.web.servlet.mvc.annotation.AnnotationMethodHandlerAdapter#0,org.springframework.web.servlet.handler.SimpleUrlHandlerMapping#0,org.springframework.context.annotation.ConfigurationClassPostProcessor$ImportAwareBeanPostProcessor#0]; parent: org.springframework.beans.factory.support.DefaultListableBeanFactory@353b3810
2014-03-31T12:07:18.375-0500 [    285563][       1] org.springframework.web.context.support.XmlWebApplicationContext: Closing WebApplicationContext for namespace 'catalogGen-servlet': startup date [Mon Mar 31 12:02:34 CDT 2014]; parent: Root WebApplicationContext
2014-03-31T12:07:18.375-0500 [    285563][       1] org.springframework.beans.factory.support.DefaultListableBeanFactory: Destroying singletons in org.springframework.beans.factory.support.DefaultListableBeanFactory@d82fbd0: defining beans [catGenController,org.springframework.web.servlet.handler.SimpleUrlHandlerMapping#0,viewResolver]; parent: org.springframework.beans.factory.support.DefaultListableBeanFactory@353b3810
2014-03-31T12:07:18.375-0500 [    285563][       3] serverStartup: CatalogGen - destroy start - Non-request thread opening.
2014-03-31T12:07:18.375-0500 [    285563][       3] serverStartup: CatalogGen - destroy done - Non-request thread closing - 0
2014-03-31T12:07:18.375-0500 [    285563][       3] org.springframework.web.context.support.XmlWebApplicationContext: Closing WebApplicationContext for namespace 'dqc-servlet': startup date [Mon Mar 31 12:02:34 CDT 2014]; parent: Root WebApplicationContext
2014-03-31T12:07:18.375-0500 [    285563][       3] org.springframework.beans.factory.support.DefaultListableBeanFactory: Destroying singletons in org.springframework.beans.factory.support.DefaultListableBeanFactory@5a75caf9: defining beans [dqcController,org.springframework.web.servlet.handler.SimpleUrlHandlerMapping#0,xmlViewResolver,viewResolver]; parent: org.springframework.beans.factory.support.DefaultListableBeanFactory@353b3810
2014-03-31T12:07:18.375-0500 [    285563][       3] org.springframework.web.context.support.GenericWebApplicationContext: Closing org.springframework.web.context.support.GenericWebApplicationContext@957c652: startup date [Mon Mar 31 12:02:34 CDT 2014]; parent: WebApplicationContext for namespace 'dqc-servlet'
2014-03-31T12:07:18.376-0500 [    285564][       3] org.springframework.beans.factory.support.DefaultListableBeanFactory: Destroying singletons in org.springframework.beans.factory.support.DefaultListableBeanFactory@15c6ca95: defining beans [threddsFileView,threddsInvCatXmlView]; parent: org.springframework.beans.factory.support.DefaultListableBeanFactory@5a75caf9
2014-03-31T12:07:18.376-0500 [    285564][       3] serverStartup: DQC Service - destroy start - 
2014-03-31T12:07:18.376-0500 [    285564][       3] serverStartup: DQC Service - destroy done - 
2014-03-31T12:07:18.376-0500 [    285564][       3] org.springframework.web.context.support.XmlWebApplicationContext: Closing WebApplicationContext for namespace 'cdmRemote-servlet': startup date [Mon Mar 31 12:02:34 CDT 2014]; parent: Root WebApplicationContext
2014-03-31T12:07:18.376-0500 [    285564][       3] org.springframework.beans.factory.support.DefaultListableBeanFactory: Destroying singletons in org.springframework.beans.factory.support.DefaultListableBeanFactory@640a89ba: defining beans [org.springframework.web.servlet.handler.SimpleUrlHandlerMapping#0,cdmRemoteController]; parent: org.springframework.beans.factory.support.DefaultListableBeanFactory@353b3810
2014-03-31T12:07:18.376-0500 [    285564][       3] org.springframework.web.context.support.XmlWebApplicationContext: Closing WebApplicationContext for namespace 'admin-servlet': startup date [Mon Mar 31 12:02:34 CDT 2014]; parent: Root WebApplicationContext
2014-03-31T12:07:18.377-0500 [    285565][       3] org.springframework.beans.factory.support.DefaultListableBeanFactory: Destroying singletons in org.springframework.beans.factory.support.DefaultListableBeanFactory@1730f915: defining beans [debugController,dirDisplayController,logController,fmrcCacheController,collectionController,testController,org.springframework.web.servlet.handler.SimpleUrlHandlerMapping#0,xmlViewResolver,viewResolver,thredds.servlet.DebugCommands#0]; parent: org.springframework.beans.factory.support.DefaultListableBeanFactory@353b3810
2014-03-31T12:07:18.377-0500 [    285565][       3] org.springframework.web.context.support.GenericWebApplicationContext: Closing org.springframework.web.context.support.GenericWebApplicationContext@20e61a60: startup date [Mon Mar 31 12:02:34 CDT 2014]; parent: WebApplicationContext for namespace 'admin-servlet'
2014-03-31T12:07:18.377-0500 [    285565][       3] org.springframework.beans.factory.support.DefaultListableBeanFactory: Destroying singletons in org.springframework.beans.factory.support.DefaultListableBeanFactory@734df26e: defining beans [threddsFileView,threddsInvCatXmlView]; parent: org.springframework.beans.factory.support.DefaultListableBeanFactory@1730f915
2014-03-31T12:07:18.377-0500 [    285565][       3] org.springframework.web.context.support.XmlWebApplicationContext: Closing WebApplicationContext for namespace 'wms-servlet': startup date [Mon Mar 31 12:02:34 CDT 2014]; parent: Root WebApplicationContext
2014-03-31T12:07:18.377-0500 [    285565][       3] org.springframework.beans.factory.support.DefaultListableBeanFactory: Destroying singletons in org.springframework.beans.factory.support.DefaultListableBeanFactory@3a3fbc4f: defining beans [config,wmsController,org.springframework.web.servlet.handler.SimpleUrlHandlerMapping#0,viewResolver,exceptionResolver]; parent: org.springframework.beans.factory.support.DefaultListableBeanFactory@353b3810
2014-03-31T12:07:18.377-0500 [    285565][       3] serverStartup: WCSServlet.destroy() start: 
2014-03-31T12:07:18.377-0500 [    285565][       3] serverStartup: WCSServlet.destroy() done:
2014-03-31T12:07:18.378-0500 [    285566][       3] serverStartup: TdsConfigContextListener.contextDestroyed(): start.
2014-03-31T12:07:18.913-0500 [    286101][       3] serverStartup: Scheduler shutdown
2014-03-31T12:07:18.913-0500 [    286101][       3] serverStartup: TdsConfigContextListener.contextDestroyed(): Done except for shutdownLogging()
